[INFO] Scanning for projects...
[INFO] 
[INFO] ----------------------------< shao:flinkl >-----------------------------
[INFO] Building flinkl 1.0
[INFO] --------------------------------[ jar ]---------------------------------
[INFO] 
[INFO] --- maven-dependency-plugin:2.8:tree (default-cli) @ flinkl ---
[INFO] shao:flinkl:jar:1.0
[INFO] +- org.apache.flink:flink-streaming-scala_2.11:jar:1.9.0:provided
[INFO] |  +- org.apache.flink:flink-streaming-java_2.11:jar:1.9.0:compile
[INFO] |  |  +- org.apache.flink:flink-core:jar:1.9.0:compile
[INFO] |  |  |  +- org.apache.flink:flink-annotations:jar:1.9.0:compile
[INFO] |  |  |  +- org.apache.flink:flink-metrics-core:jar:1.9.0:compile
[INFO] |  |  |  +- com.esotericsoftware.kryo:kryo:jar:2.24.0:compile
[INFO] |  |  |  |  +- com.esotericsoftware.minlog:minlog:jar:1.2:compile
[INFO] |  |  |  |  \- org.objenesis:objenesis:jar:2.1:compile
[INFO] |  |  |  +- commons-collections:commons-collections:jar:3.2.2:compile
[INFO] |  |  |  \- org.apache.commons:commons-compress:jar:1.18:compile
[INFO] |  |  \- org.apache.commons:commons-math3:jar:3.5:compile
[INFO] |  +- org.apache.flink:flink-scala_2.11:jar:1.9.0:provided
[INFO] |  |  +- org.apache.flink:flink-java:jar:1.9.0:compile
[INFO] |  |  \- org.apache.flink:flink-shaded-asm-6:jar:6.2.1-7.0:compile
[INFO] |  +- org.scala-lang:scala-reflect:jar:2.11.12:compile
[INFO] |  +- org.scala-lang:scala-library:jar:2.11.12:compile
[INFO] |  +- org.scala-lang:scala-compiler:jar:2.11.12:compile
[INFO] |  |  +- org.scala-lang.modules:scala-xml_2.11:jar:1.0.5:compile
[INFO] |  |  \- org.scala-lang.modules:scala-parser-combinators_2.11:jar:1.0.4:compile
[INFO] |  +- org.slf4j:slf4j-api:jar:1.7.15:compile
[INFO] |  +- com.google.code.findbugs:jsr305:jar:1.3.9:compile
[INFO] |  \- org.apache.flink:force-shading:jar:1.9.0:compile
[INFO] +- org.apache.flink:flink-table-planner-blink_2.11:jar:1.9.0:provided
[INFO] |  +- org.apache.flink:flink-table-common:jar:1.9.0:provided
[INFO] |  +- org.apache.flink:flink-table-api-java:jar:1.9.0:provided
[INFO] |  +- org.apache.flink:flink-table-api-scala_2.11:jar:1.9.0:provided
[INFO] |  +- org.apache.flink:flink-table-api-java-bridge_2.11:jar:1.9.0:provided
[INFO] |  +- org.apache.flink:flink-table-runtime-blink_2.11:jar:1.9.0:provided
[INFO] |  |  +- org.codehaus.janino:janino:jar:3.0.9:provided
[INFO] |  |  |  \- org.codehaus.janino:commons-compiler:jar:3.0.9:provided
[INFO] |  |  \- org.apache.calcite.avatica:avatica-core:jar:1.15.0:provided
[INFO] |  \- org.reflections:reflections:jar:0.9.10:provided
[INFO] +- org.apache.flink:flink-table-api-scala-bridge_2.11:jar:1.9.0:provided
[INFO] +- org.apache.flink:flink-table-planner_2.11:jar:1.9.0:provided
[INFO] +- mysql:mysql-connector-java:jar:5.1.47:runtime
[INFO] +- org.apache.flink:flink-jdbc_2.11:jar:1.9.0:compile
[INFO] +- org.apache.flink:flink-json:jar:1.9.0:compile
[INFO] +- org.apache.flink:flink-connector-kafka-0.10_2.11:jar:1.9.0:compile
[INFO] |  +- org.apache.flink:flink-connector-kafka-0.9_2.11:jar:1.9.0:compile
[INFO] |  |  \- org.apache.flink:flink-connector-kafka-base_2.11:jar:1.9.0:compile
[INFO] |  \- org.apache.kafka:kafka-clients:jar:0.10.2.1:compile
[INFO] |     +- net.jpountz.lz4:lz4:jar:1.3.0:compile
[INFO] |     \- org.xerial.snappy:snappy-java:jar:1.1.2.6:compile
[INFO] +- redis.clients:jedis:jar:2.10.2:compile
[INFO] |  \- org.apache.commons:commons-pool2:jar:2.4.3:compile
[INFO] +- org.apache.bahir:flink-connector-redis_2.11:jar:1.0:compile
[INFO] +- org.apache.flink:flink-metrics-dropwizard:jar:1.9.1:compile
[INFO] |  \- io.dropwizard.metrics:metrics-core:jar:3.1.5:compile
[INFO] +- cglib:cglib:jar:3.1:compile
[INFO] |  \- org.ow2.asm:asm:jar:4.2:compile
[INFO] +- org.apache.flink:flink-cep-scala_2.11:jar:1.9.0:compile
[INFO] +- org.apache.flink:flink-cep_2.11:jar:1.9.0:compile
[INFO] |  \- org.apache.flink:flink-shaded-guava:jar:18.0-7.0:compile
[INFO] +- org.apache.flink:flink-runtime-web_2.11:jar:1.9.0:runtime
[INFO] |  +- org.apache.flink:flink-runtime_2.11:jar:1.9.0:compile
[INFO] |  |  +- org.apache.flink:flink-queryable-state-client-java:jar:1.9.0:compile
[INFO] |  |  +- org.apache.flink:flink-hadoop-fs:jar:1.9.0:compile
[INFO] |  |  +- commons-io:commons-io:jar:2.4:compile
[INFO] |  |  +- org.apache.commons:commons-lang3:jar:3.3.2:compile
[INFO] |  |  +- commons-cli:commons-cli:jar:1.3.1:compile
[INFO] |  |  +- com.typesafe.akka:akka-actor_2.11:jar:2.5.21:compile
[INFO] |  |  |  +- com.typesafe:config:jar:1.3.3:compile
[INFO] |  |  |  \- org.scala-lang.modules:scala-java8-compat_2.11:jar:0.7.0:compile
[INFO] |  |  +- com.typesafe.akka:akka-stream_2.11:jar:2.5.21:compile
[INFO] |  |  |  +- org.reactivestreams:reactive-streams:jar:1.0.2:compile
[INFO] |  |  |  \- com.typesafe:ssl-config-core_2.11:jar:0.3.7:compile
[INFO] |  |  +- com.typesafe.akka:akka-protobuf_2.11:jar:2.5.21:compile
[INFO] |  |  +- com.typesafe.akka:akka-slf4j_2.11:jar:2.5.21:compile
[INFO] |  |  +- org.clapper:grizzled-slf4j_2.11:jar:1.3.2:compile
[INFO] |  |  +- com.github.scopt:scopt_2.11:jar:3.5.0:compile
[INFO] |  |  \- com.twitter:chill_2.11:jar:0.7.6:compile
[INFO] |  |     \- com.twitter:chill-java:jar:0.7.6:compile
[INFO] |  +- org.apache.flink:flink-clients_2.11:jar:1.9.0:compile
[INFO] |  |  \- org.apache.flink:flink-optimizer_2.11:jar:1.9.0:compile
[INFO] |  +- org.apache.flink:flink-shaded-netty:jar:4.1.32.Final-7.0:compile
[INFO] |  +- org.apache.flink:flink-shaded-jackson:jar:2.9.8-7.0:compile
[INFO] |  \- org.javassist:javassist:jar:3.19.0-GA:compile
[INFO] +- org.apache.flink:flink-metrics-jmx_2.11:jar:1.9.0:runtime
[INFO] +- junit:junit:jar:4.11:test
[INFO] |  \- org.hamcrest:hamcrest-core:jar:1.3:test
[INFO] +- org.scalatest:scalatest-funsuite_2.11:jar:3.0.0-SNAP13:test
[INFO] |  \- org.scalatest:scalatest-core_2.11:jar:3.0.0-SNAP13:test
[INFO] |     \- org.scalactic:scalactic_2.11:jar:3.0.0-SNAP13:test
[INFO] +- org.slf4j:slf4j-log4j12:jar:1.7.26:runtime
[INFO] |  \- log4j:log4j:jar:1.2.17:runtime
[INFO] +- org.json4s:json4s-jackson_2.11:jar:3.2.11:compile
[INFO] |  +- org.json4s:json4s-core_2.11:jar:3.2.11:compile
[INFO] |  |  +- org.json4s:json4s-ast_2.11:jar:3.2.11:compile
[INFO] |  |  +- com.thoughtworks.paranamer:paranamer:jar:2.6:compile
[INFO] |  |  \- org.scala-lang:scalap:jar:2.11.0:compile
[INFO] |  \- com.fasterxml.jackson.core:jackson-databind:jar:2.3.1:compile
[INFO] |     +- com.fasterxml.jackson.core:jackson-annotations:jar:2.3.0:compile
[INFO] |     \- com.fasterxml.jackson.core:jackson-core:jar:2.3.1:compile
[INFO] \- io.spray:spray-json_2.11:jar:1.3.5:compile
[INFO] ------------------------------------------------------------------------
[INFO] BUILD SUCCESS
[INFO] ------------------------------------------------------------------------
[INFO] Total time:  1.556 s
[INFO] Finished at: 2020-08-11T16:43:07+08:00
[INFO] ------------------------------------------------------------------------
